<?xml version="1.0" encoding="UTF-8"?>
<testsuite xmlns:xsi="http://www.w3.org/2001/XMLSchema-instance" xsi:noNamespaceSchemaLocation="https://maven.apache.org/surefire/maven-surefire-plugin/xsd/surefire-test-report-3.0.xsd" version="3.0" name="com.classuml.Model.ModelTests" time="0.046" tests="6" errors="0" skipped="0" failures="0">
  <properties>
[...]
</properties>
  <testcase name="Method" classname="com.classuml.Model.ModelTests" time="0.004"/>
  <testcase name="Classes" classname="com.classuml.Model.ModelTests" time="0.001"/>
  <testcase name="Parameter" classname="com.classuml.Model.ModelTests" time="0"/>
  <testcase name="Relationship" classname="com.classuml.Model.ModelTests" time="0"/>
  <testcase name="Class" classname="com.classuml.Model.ModelTests" time="0"/>
  <testcase name="Field" classname="com.classuml.Model.ModelTests" time="0"/>
</testsuite>